011150,CJ씨푸드,NotFoundConsolidated
069730,DSR제강,NotFoundConsolidated
365550,ESR켄달스퀘어리츠
058860,KTis,NotFoundConsolidated
037560,LG헬로비전,NotFoundConsolidated
338100,NH프라임리츠,NotFoundConsolidated
008260,NI스틸,NotFoundConsolidated
011420,갤럭시아에스엠,NotFoundConsolidated
214390,경보제약,NotFoundConsolidated
037710,광주신세계,NotFoundConsolidated
339770,교촌에프앤비,NoDataReceived
083420,그린케미칼,NotFoundConsolidated
008870,금비
013700,까뮤이앤씨,NotFoundConsolidated
025860,남해화학,NotFoundConsolidated
353200,대덕전자
001880,대림건설,NotFoundConsolidated
009190,대양금속,NotFoundConsolidated
014160,대영포장,NotFoundConsolidated
009320,대우부품,NotFoundConsolidated
003830,대한화섬,NotFoundConsolidated
016090,대현,NotFoundConsolidated
069460,대호에이엘,NotFoundConsolidated
023450,동남합성,NotFoundConsolidated
002210,동성제약,NotFoundConsolidated
002690,동일제강,NotFoundConsolidated
336260,두산퓨얼셀,NotFoundConsolidated
024090,디씨엠,NotFoundConsolidated
330590,롯데리츠,NotFoundConsolidated
000400,롯데손해보험,NotFoundConsolidated
002270,롯데푸드,NotFoundConsolidated
071840,롯데하이마트,NotFoundConsolidated
088980,맥쿼리인프라
094800,맵스리얼티1
009900,명신산업,NoDataReceived
012690,모나리자,NotFoundConsolidated
204210,모두투어리츠,NotFoundConsolidated
008420,문배철강,NotFoundConsolidated
357250,미래에셋맵스리츠
134380,미원화학,NotFoundConsolidated
003610,방림
001340,백광산업,NotFoundConsolidated
096300,베트남개발1
002760,보락,NotFoundConsolidated
026940,부국철강,NotFoundConsolidated
015350,부산도시가스,NotFoundConsolidated
005030,부산주공,NotFoundConsolidated
352820,빅히트,NoDataReceived
014710,사조씨푸드,NotFoundConsolidated
006090,사조오양,NotFoundConsolidated
207940,삼성바이오로직스,NotFoundConsolidated
001360,삼성제약,NotFoundConsolidated
272550,삼양패키징,NotFoundConsolidated
023000,삼원강재,NotFoundConsolidated
004380,삼익THK,NotFoundConsolidated
004440,삼일씨엔에스,NotFoundConsolidated
009770,삼정펄프,NotFoundConsolidated
005500,삼진제약,NotFoundConsolidated
004410,서울식품공업,NotFoundConsolidated
003080,성보화학,NotFoundConsolidated
002420,세기상사,NotFoundConsolidated
306200,세아제강,NotFoundConsolidated
013000,세우글로벌,NotFoundConsolidated
027970,세하,NotFoundConsolidated
134790,시디즈,NotFoundConsolidated
035510,신세계I&C,NotFoundConsolidated
034300,신세계건설,NotFoundConsolidated
002700,신일전자,NotFoundConsolidated
293940,신한알파리츠,NoDataReceived
001770,신화실업,NotFoundConsolidated
267850,아시아나IDT,NotFoundConsolidated
023960,에쓰씨엔지니어링,NotFoundConsolidated
298690,에어부산,NotFoundConsolidated
140910,에이리츠,NotFoundConsolidated
003520,영진약품,NotFoundConsolidated
012280,영화금속,NotFoundConsolidated
033270,유나이티드,NotFoundConsolidated
003460,유화증권,NotFoundConsolidated
025820,이구산업,NotFoundConsolidated
088260,이리츠코크렙,NoDataReceived
015020,이스타코,NotFoundConsolidated
084680,이월드,NotFoundConsolidated
350520,이지스레지던스리츠
334890,이지스밸류플러스리츠,NotFoundConsolidated
101140,인바이오젠,NotFoundConsolidated
003120,일성신약,NotFoundConsolidated
007110,일신석재,NotFoundConsolidated
317400,자이에스앤디,NotFoundConsolidated
348950,제이알글로벌리츠,NotFoundConsolidated
271980,제일약품,NotFoundConsolidated
004700,조광피혁,NotFoundConsolidated
001550,조비,NotFoundConsolidated
120030,조선선재,NotFoundConsolidated
018470,조일알미늄,NotFoundConsolidated
002600,조흥,NotFoundConsolidated
010580,지코,NotFoundConsolidated
051630,진양화학,NotFoundConsolidated
272450,진에어,NotFoundConsolidated
002780,진흥기업,NotFoundConsolidated
000650,천일고속,NotFoundConsolidated
006380,카프로,NotFoundConsolidated
344820,케이씨씨글라스
281820,케이씨텍,NotFoundConsolidated
145270,케이탑리츠,NotFoundConsolidated
357120,코람코에너지리츠
005070,코스모신소재,NotFoundConsolidated
144620,코오롱머티리얼,NotFoundConsolidated
031820,콤텍시스템,NotFoundConsolidated
015590,큐로,NotFoundConsolidated
264900,크라운제과,NotFoundConsolidated
001420,태원물산,NotFoundConsolidated
084870,티비에이치글로벌,NotFoundConsolidated
363280,티와이홀딩스
005690,파미셀,NotFoundConsolidated
010820,퍼스텍,NotFoundConsolidated
016800,퍼시스,NotFoundConsolidated
293480,하나제약,NotFoundConsolidated
152550,한국ANKOR유전
010040,한국내화,NotFoundConsolidated
002960,한국쉘석유,NotFoundConsolidated
023350,한국종합기술,NotFoundConsolidated
025890,한국주강,NotFoundConsolidated
104700,한국철강,NotFoundConsolidated
007280,한국특수형강,NotFoundConsolidated
168490,한국패러랠
003350,한국화장품제조,NotFoundConsolidated
011500,한농화성,NotFoundConsolidated
003680,한성기업,NotFoundConsolidated
010420,한솔피엔에스,NotFoundConsolidated
001750,한양증권,NotFoundConsolidated
300720,한일시멘트,NotFoundConsolidated
006390,한일현대시멘트,NotFoundConsolidated
052690,한전기술,NotFoundConsolidated
009460,한창제지,NotFoundConsolidated
004310,현대약품,NotFoundConsolidated
002460,화성산업,NotFoundConsolidated
133820,화인베스틸,NotFoundConsolidated
010660,화천기계,NotFoundConsolidated
005870,휴니드테크놀러지스,NotFoundConsolidated
000540,흥국화재,NotFoundConsolidated
211270,AP위성,NotFoundConsolidated
058820,CMG제약,NotFoundConsolidated
322780,DB금융스팩7호,NotFoundConsolidated
367340,DB금융스팩8호
335870,IBKS제12호스팩,NotFoundConsolidated
351340,IBKS제13호스팩
351320,IBKS제14호스팩
021320,KCC건설,NotFoundConsolidated
036670,KCI,NotFoundConsolidated
151860,KG ETS,NotFoundConsolidated
114450,KPX생명과학,NotFoundConsolidated
036030,KTH,NotFoundConsolidated
060370,KT서브마린,NotFoundConsolidated
219550,MP한강,AttributeError
053290,NE능률,NotFoundConsolidated
178920,PI첨단소재,NotFoundConsolidated
024940,PN풍년,NotFoundConsolidated
019550,SBI인베스트먼트,NotFoundConsolidated
307070,SK4호스팩,NotFoundConsolidated
337450,SK5호스팩,NotFoundConsolidated
340350,SK6호스팩
073570,WI,NotFoundConsolidated
114190,강원,AttributeError
039240,경남스틸,NotFoundConsolidated
198440,고려시멘트,NotFoundConsolidated
014570,고려제약,NotFoundConsolidated
348150,고바이오랩,NoDataReceived
038530,골드퍼시픽,NotFoundConsolidated
026910,광진실업,NotFoundConsolidated
355150,교보10호기업인수목적
307280,교보8호스팩,NotFoundConsolidated
331520,교보9호스팩,NotFoundConsolidated
006050,국영지앤엠,NotFoundConsolidated
060480,국일신동,NotFoundConsolidated
019660,글로본,NotFoundConsolidated
286750,나노브릭,NotFoundConsolidated
138610,나이벡,NotFoundConsolidated
267320,나인테크,NotFoundConsolidated
111710,남화산업,NotFoundConsolidated
212560,네오오토,NotFoundConsolidated
306620,네온테크,NotFoundConsolidated
153460,네이블커뮤니케이션즈,NotFoundConsolidated
007390,네이처셀,NotFoundConsolidated
330860,네패스아크
089140,넥스턴,NotFoundConsolidated
348210,넥스틴,NoDataReceived
225570,넷게임즈,NotFoundConsolidated
234690,녹십자웰빙,NotFoundConsolidated
060260,뉴보텍,NotFoundConsolidated
093640,다믈멀티미디어,NotFoundConsolidated
020400,대동금속,NotFoundConsolidated
008830,대동기어,NotFoundConsolidated
048470,대동스틸,NotFoundConsolidated
004780,대륙제관,NotFoundConsolidated
017650,대림제지,NotFoundConsolidated
290670,대보마그네틱,NotFoundConsolidated
036480,대성미생물,NotFoundConsolidated
027830,대성창투,NotFoundConsolidated
307750,대신밸런스제6호스팩,NotFoundConsolidated
332290,대신밸런스제7호스팩,NotFoundConsolidated
336570,대신밸런스제8호스팩,NotFoundConsolidated
369370,대신밸런스제9호스팩
020180,대신정보통신,NotFoundConsolidated
290380,대유,NotFoundConsolidated
120240,대정화금,NotFoundConsolidated
054670,대한뉴팜,NotFoundConsolidated
023910,대한약품,NotFoundConsolidated
021040,대호피앤씨,NotFoundConsolidated
298540,더네이쳐홀딩스,NoDataReceived
299170,더블유에스아이,NotFoundConsolidated
213420,덕산네오룩스,NotFoundConsolidated
317330,덕산테코피아,NotFoundConsolidated
263800,데이타솔루션,NotFoundConsolidated
261200,덴티스,NotFoundConsolidated
006620,동구바이오제약,NotFoundConsolidated
099410,동방선기,NotFoundConsolidated
025950,동신건설,NotFoundConsolidated
228340,동양파일,NotFoundConsolidated
094170,동운아나텍,NotFoundConsolidated
013120,동원개발,NotFoundConsolidated
023790,동일철강,NotFoundConsolidated
223250,드림씨아이에스
187870,디바이스이엔지,NotFoundConsolidated
066670,디스플레이텍,NotFoundConsolidated
131030,디에이치피코리아,NotFoundConsolidated
066900,디에이피,NotFoundConsolidated
092070,디엔에프,NotFoundConsolidated
134580,디엠티,NotFoundConsolidated
043360,디지아이,NotFoundConsolidated
106520,디지탈옵틱,NotFoundConsolidated
105740,디케이락,NotFoundConsolidated
317120,라닉스,NotFoundConsolidated
300120,라온피플,NotFoundConsolidated
171120,라이온켐텍,NotFoundConsolidated
084650,랩지노믹스,NotFoundConsolidated
217500,러셀,NotFoundConsolidated
033600,럭슬,NotFoundConsolidated
141080,레고켐바이오,NotFoundConsolidated
060300,레드로버,AttributeError
294140,레몬,NotFoundConsolidated
281740,레이크머티리얼즈,NotFoundConsolidated
900260,로스웰,AttributeError
067730,로지시스,NotFoundConsolidated
058470,리노공업,NotFoundConsolidated
019570,리더스 기술투자,NotFoundConsolidated
302550,리메드,NotFoundConsolidated
195500,마니커에프앤지,NotFoundConsolidated
222810,마이더스AI,AttributeError
305090,마이크로디지탈,NotFoundConsolidated
147760,마이크로프랜드,NotFoundConsolidated
141070,맥스로텍,NotFoundConsolidated
100590,머큐리,NotFoundConsolidated
235980,메드팩토,NotFoundConsolidated
065650,메디프론,NotFoundConsolidated
327260,메탈라이프,NotFoundConsolidated
279600,미디어젠,NotFoundConsolidated
353490,미래에셋대우스팩 5호
328380,미래에셋대우스팩3호,NotFoundConsolidated
333430,미래에셋대우스팩4호,NotFoundConsolidated
100790,미래에셋벤처투자,AttributeError
214610,미코바이오메드,NoDataReceived
950190,미투젠
301300,바이브컴퍼니
086820,바이오솔루션,NotFoundConsolidated
323990,박셀바이오
066410,버킷스튜디오,NotFoundConsolidated
225530,보광산업,NotFoundConsolidated
008470,부스타,NotFoundConsolidated
337930,브랜드엑스코퍼레이션,NoDataReceived
064480,브리지텍,NotFoundConsolidated
126340,비나텍,NoDataReceived
082800,비보존 헬스케어,NotFoundConsolidated
318410,비비씨,NoDataReceived
335890,비올,NotFoundConsolidated
138580,비즈니스온,NotFoundConsolidated
054220,비츠로시스,NotFoundConsolidated
065450,빅텍,NotFoundConsolidated
018310,삼목에스폼,NotFoundConsolidated
291230,삼성스팩2호,NotFoundConsolidated
065570,삼영이엔씨,NotFoundConsolidated
032280,삼일,NotFoundConsolidated
002290,삼일기업공사,NotFoundConsolidated
017480,삼현철강,NotFoundConsolidated
307870,상상인이안1호스팩,NotFoundConsolidated
329560,상상인이안제2호스팩,NotFoundConsolidated
263540,샘코,NotFoundConsolidated
294630,서남,NotFoundConsolidated
006730,서부T&D,NotFoundConsolidated
100660,서암기계공업,NotFoundConsolidated
018680,서울제약,NotFoundConsolidated
189860,서전기전,NotFoundConsolidated
011370,서한,NotFoundConsolidated
357550,석경에이티,NoDataReceived
017510,세명전기,NotFoundConsolidated
024830,세원물산,NotFoundConsolidated
234340,세틀뱅크,NotFoundConsolidated
252500,세화피앤씨,NotFoundConsolidated
347000,센코
331920,셀레믹스
299660,셀리드,NotFoundConsolidated
268600,셀리버리,NotFoundConsolidated
290690,소룩스
950200,소마젠
032680,소프트센,NotFoundConsolidated
357780,솔브레인
304100,솔트룩스,NoDataReceived
050960,수산아이앤티,NotFoundConsolidated
033790,스카이문스테크놀로지,NotFoundConsolidated
049830,승일,NotFoundConsolidated
001000,신라섬유,NotFoundConsolidated
323280,신영스팩5호,NotFoundConsolidated
344050,신영스팩6호
017000,신원종합개발,NotFoundConsolidated
012790,신일제약,NotFoundConsolidated
226330,신테카바이오,NotFoundConsolidated
323230,신한제5호스팩,NotFoundConsolidated
333050,신한제6호스팩,NotFoundConsolidated
217330,싸이토젠,NotFoundConsolidated
010280,쌍용정보통신,NotFoundConsolidated
222420,쎄노텍,NotFoundConsolidated
222080,씨아이에스,NotFoundConsolidated
264660,씨앤지하이테크,NotFoundConsolidated
101240,씨큐브,NotFoundConsolidated
123860,아나패스,NotFoundConsolidated
050320,아래스,NotFoundConsolidated
058220,아리온,AttributeError
125210,아모그린텍,NotFoundConsolidated
149950,아바텍,NotFoundConsolidated
050860,아세아텍,NotFoundConsolidated
154030,아시아종묘
332370,아이디피,NoDataReceived
339950,아이비김영,NotFoundConsolidated
289010,아이스크림에듀,NotFoundConsolidated
214430,아이쓰리시스템,NotFoundConsolidated
123010,아이에이네트웍스,NotFoundConsolidated
307180,아이엘사이언스,NotFoundConsolidated
226350,아이엠텍,AttributeError
059100,아이컴포넌트,NotFoundConsolidated
032080,아즈텍WB,NotFoundConsolidated
059120,아진엑스텍,NotFoundConsolidated
065660,안트로젠,NotFoundConsolidated
297570,알로이스,NotFoundConsolidated
260660,알리코제약,NotFoundConsolidated
148250,알엔투테크놀로지,NotFoundConsolidated
347860,알체라,NoDataReceived
291650,압타머사이언스
293780,압타바이오,NotFoundConsolidated
196300,애니젠,NotFoundConsolidated
310200,애니플러스,NotFoundConsolidated
129890,앱코,NoDataReceived
174900,앱클론,NotFoundConsolidated
030960,양지사,NotFoundConsolidated
121890,에스디시스템,NotFoundConsolidated
298060,에스씨엠생명과학
065420,에스아이리소스,NotFoundConsolidated
103230,에스앤더블류,NotFoundConsolidated
900080,에스앤씨엔진그룹,ValueError
101490,에스앤에스텍,NotFoundConsolidated
275630,에스에스알,NotFoundConsolidated
288620,에스퓨얼셀,NotFoundConsolidated
043340,에쎈테크,NotFoundConsolidated
054630,에이디칩스,NotFoundConsolidated
298380,에이비엘바이오,NotFoundConsolidated
003800,에이스침대,NotFoundConsolidated
241840,에이스토리,NotFoundConsolidated
138360,에이씨티,AttributeError
312610,에이에프더블류,NotFoundConsolidated
047920,에이치엘비제약,NotFoundConsolidated
239610,에이치엘사이언스,NotFoundConsolidated
353070,에이치엠씨제4호스팩
353060,에이치엠씨제5호스팩
045660,에이텍,NotFoundConsolidated
021080,에이티넘인베스트,NotFoundConsolidated
200470,에이팩트,NotFoundConsolidated
262260,에이프로
247540,에코프로비엠,NotFoundConsolidated
064850,에프앤가이드,NotFoundConsolidated
083500,에프엔에스테크,NotFoundConsolidated
070300,엑스큐어,NotFoundConsolidated
317870,엔바이오니아,NotFoundConsolidated
310840,엔에이치스팩13호,NotFoundConsolidated
319400,엔에이치스팩14호,NotFoundConsolidated
353190,엔에이치스팩16호
359090,엔에이치스팩17호
365590,엔에이치스팩18호
265740,엔에프씨,NoDataReceived
354200,엔젠바이오
096870,엘디티,NotFoundConsolidated
169330,엠브레인,NoDataReceived
347890,엠투아이
060850,영림원소프트랩,NoDataReceived
036560,영풍정밀,NotFoundConsolidated
226400,오스테오닉,NotFoundConsolidated
173130,오파스넷,NotFoundConsolidated
309930,오하임아이엔티,NotFoundConsolidated
109080,옵티시스,NotFoundConsolidated
153710,옵티팜,NotFoundConsolidated
066430,와이오엠,NotFoundConsolidated
273060,와이즈버즈,NotFoundConsolidated
332570,와이팜
079000,와토스코리아,NotFoundConsolidated
101170,우림기계,NotFoundConsolidated
103840,우양,NotFoundConsolidated
215380,우정바이오,NotFoundConsolidated
053080,원방테크,NoDataReceived
008290,원풍물산,NotFoundConsolidated
053580,웹케시,NotFoundConsolidated
330350,위더스제약,NotFoundConsolidated
348350,위드텍,NoDataReceived
065370,위세아이텍,NotFoundConsolidated
320000,윈텍,NotFoundConsolidated
097800,윈팩,NotFoundConsolidated
313760,윌링스,NotFoundConsolidated
206650,유바이오로직스,NotFoundConsolidated
264450,유비쿼스,NotFoundConsolidated
054930,유신,NotFoundConsolidated
287410,유안타제3호스팩,NotFoundConsolidated
313750,유안타제4호스팩,NotFoundConsolidated
336060,유안타제5호스팩,NotFoundConsolidated
340360,유안타제6호스팩,NotFoundConsolidated
263770,유에스티,NotFoundConsolidated
023410,유진기업,ValueError
321260,유진스팩4호,NotFoundConsolidated
331380,유진스팩5호,NotFoundConsolidated
044960,이글벳,NotFoundConsolidated
086250,이노와이즈,NotFoundConsolidated
258610,이더블유케이,NotFoundConsolidated
215090,이디티,NotFoundConsolidated
164060,이루다
115610,이미지스,NotFoundConsolidated
349720,이베스트스팩5호
323210,이베스트이안스팩1호,NotFoundConsolidated
078020,이베스트투자증권,IndexError
086890,이수앱지스,NotFoundConsolidated
067010,이씨에스,NotFoundConsolidated
101360,이엔드디,NotFoundConsolidated
087730,이엠네트웍스,NotFoundConsolidated
294090,이오플로우,NoDataReceived
353810,이지바이오
160600,이큐셀,AttributeError
134060,이퓨쳐,NotFoundConsolidated
001840,이화공영,NotFoundConsolidated
024810,이화전기,NotFoundConsolidated
352940,인바이오
017250,인터엠
035080,인터파크,ValueError
234920,자이글,NotFoundConsolidated
110020,전진바이오팜,NotFoundConsolidated
065530,전파기지국,NotFoundConsolidated
065620,제낙스,NotFoundConsolidated
217190,제너셈,NotFoundConsolidated
095700,제넥신,NotFoundConsolidated
225220,제놀루션,NotFoundConsolidated
147830,제룡산업,NotFoundConsolidated
033100,제룡전기,NotFoundConsolidated
052670,제일바이오,NotFoundConsolidated
199820,제일전기공업
023440,제일제강,NotFoundConsolidated
216080,제테마,NotFoundConsolidated
229000,젠큐릭스,NotFoundConsolidated
072020,중앙백신,NotFoundConsolidated
314130,지놈앤컴퍼니,NoDataReceived
043610,지니뮤직,NotFoundConsolidated
303030,지니틱스,NotFoundConsolidated
114570,지스마트글로벌,NotFoundConsolidated
053050,지에스이,NotFoundConsolidated
270520,지엔원에너지,NotFoundConsolidated
204840,지엘팜텍,AttributeError
111820,지와이커머스,NotFoundConsolidated
109820,진매트릭스,NotFoundConsolidated
007370,진양제약,NotFoundConsolidated
094850,참좋은여행,NotFoundConsolidated
013720,청보산업,NotFoundConsolidated
284620,카이노스메드,NotFoundConsolidated
180400,캔서롭,NotFoundConsolidated
307930,컴퍼니케이,NotFoundConsolidated
214370,케어젠,NotFoundConsolidated
317030,케이비17호스팩,NotFoundConsolidated
323940,케이비제18호스팩,NotFoundConsolidated
330990,케이비제19호스팩,NotFoundConsolidated
342550,케이비제20호스팩,NotFoundConsolidated
115500,케이씨에스,NotFoundConsolidated
089150,케이씨티,NotFoundConsolidated
073010,케이에스피,NotFoundConsolidated
225430,케이엠제약,NotFoundConsolidated
347140,케이프이에스제4호
054410,케이피티유,NotFoundConsolidated
217600,켐온,NotFoundConsolidated
220260,켐트로스,NotFoundConsolidated
094860,코닉글로리,NotFoundConsolidated
190650,코리아에셋투자증권,NotFoundConsolidated
089890,코세스,NotFoundConsolidated
082660,코스나인,NotFoundConsolidated
029960,코엔텍,NotFoundConsolidated
102940,코오롱생명과학,NotFoundConsolidated
950160,코오롱티슈진,NotFoundConsolidated
317690,퀀타매트릭스,NoDataReceived
060280,큐렉소,NotFoundConsolidated
115180,큐리언트,NotFoundConsolidated
043090,큐브앤컴퍼니,NotFoundConsolidated
016600,큐캐피탈,NotFoundConsolidated
352770,클리노믹스,NoDataReceived
311270,키움제5호스팩,NotFoundConsolidated
219130,타이거일렉,NotFoundConsolidated
044490,태웅,NotFoundConsolidated
131970,테스나,NotFoundConsolidated
215480,토박스코리아,NotFoundConsolidated
045340,토탈소프트,NotFoundConsolidated
105550,트루윈,NotFoundConsolidated
322180,티라유텍,NotFoundConsolidated
057680,티사이언티픽,NotFoundConsolidated
064760,티씨케이,NotFoundConsolidated
246710,티앤알바이오팹,NotFoundConsolidated
340570,티앤엘,NoDataReceived
277880,티에스아이,NoDataReceived
356860,티엘비
321550,티움바이오,NotFoundConsolidated
081150,티플랙스,NotFoundConsolidated
046210,파나진,NotFoundConsolidated
037070,파세코,NotFoundConsolidated
170790,파이오링크,NotFoundConsolidated
225590,패션플랫폼,NotFoundConsolidated
054300,팬스타엔터프라이즈,NotFoundConsolidated
222110,팬젠,NotFoundConsolidated
087010,펩트론,NotFoundConsolidated
119500,포메탈,NotFoundConsolidated
056730,포스링크,AttributeError
009520,포스코엠텍,NotFoundConsolidated
318020,포인트모바일,NoDataReceived
007330,푸른저축은행,NotFoundConsolidated
195440,퓨전,AttributeError
335810,프리시젼바이오,NoDataReceived
237820,플레이디,NotFoundConsolidated
023770,플레이위드,NotFoundConsolidated
032580,피델릭스,NotFoundConsolidated
051380,피씨디렉트,NotFoundConsolidated
241820,피씨엘,NotFoundConsolidated
237750,피앤씨테크,NotFoundConsolidated
347740,피엔케이피부임상연구센타
128660,피제이메탈,NotFoundConsolidated
006140,피제이전자,NotFoundConsolidated
304840,피플바이오
062970,피피아이,NotFoundConsolidated
087600,픽셀플러스,NotFoundConsolidated
347770,핌스,NoDataReceived
332710,하나금융14호스팩,NotFoundConsolidated
341160,하나금융15호스팩,NotFoundConsolidated
343510,하나금융16호스팩
299030,하나기술,NoDataReceived
307160,하나머스트제6호스팩,NotFoundConsolidated
166090,하나머티리얼즈,NotFoundConsolidated
317240,하이제4호스팩,NotFoundConsolidated
340120,하이제5호스팩,NotFoundConsolidated
106190,하이텍팜,NotFoundConsolidated
066130,하츠,NotFoundConsolidated
318000,한국바이오젠,NotFoundConsolidated
256840,한국비엔씨,NotFoundConsolidated
101680,한국정밀기계,NotFoundConsolidated
291210,한국제7호스팩,NotFoundConsolidated
310870,한국제8호스팩,NotFoundConsolidated
023760,한국캐피탈,NotFoundConsolidated
032300,한국파마
037230,한국팩키지,NotFoundConsolidated
052600,한네트,NotFoundConsolidated
256150,한독크린텍,NotFoundConsolidated
070590,한솔인티큐브,NotFoundConsolidated
226440,한송네오텍,NotFoundConsolidated
042520,한스바이오메드
079170,한창산업,NotFoundConsolidated
317320,한화에스비아이스팩,NotFoundConsolidated
340440,한화플러스제1호스팩,NotFoundConsolidated
102210,해덕파워웨이,NotFoundConsolidated
034810,해성산업,NotFoundConsolidated
220180,핸디소프트,NotFoundConsolidated
008800,행남사,AttributeError
900270,헝셩그룹,AttributeError
016790,현대사료,NotFoundConsolidated
039010,현대통신,NotFoundConsolidated
053660,현진소재,AttributeError
039610,화성밸브,NotFoundConsolidated
126640,화신정공,NotFoundConsolidated
061250,화일약품,NotFoundConsolidated
205470,휴마시스,NotFoundConsolidated
024060,흥구석유,NotFoundConsolidated
238490,힘스,NotFoundConsolidated
029780,삼성카드,('[] not in index', "An error occurred while fetching or analyzing {'rcp_no': '20200515002014', 'corp_code': '00126292', 'corp_name': '삼성카드', 'stock_code': '029780', 'corp_cls': 'Y', 'report_nm': '분기보고서 (2020.03)', 'flr_nm': '삼성카드', 'rcept_dt': '20200515', 'rm': ''}.")
004690,삼천리,('cannot set a row with mismatched columns', "An error occurred while fetching or analyzing {'rcp_no': '20200330002931', 'corp_code': '00128555', 'corp_name': '삼천리', 'stock_code': '004690', 'corp_cls': 'Y', 'report_nm': '사업보고서 (2019.12)', 'flr_nm': '삼천리', 'rcept_dt': '20200330', 'rm': '연'}.")
244920,에이플러스에셋,('[] not in index', "An error occurred while fetching or analyzing {'rcp_no': '20200601000747', 'corp_code': '00684802', 'corp_name': '에이플러스에셋', 'stock_code': '244920', 'corp_cls': 'Y', 'report_nm': '분기보고서 (2020.03)', 'flr_nm': '에이플러스에셋', 'rcept_dt': '20200601', 'rm': ''}.")
003470,유안타증권,('month must be in 1..12', "An error occurred while fetching or analyzing {'rcp_no': '20200330002821', 'corp_code': '00117601', 'corp_name': '유안타증권', 'stock_code': '003470', 'corp_cls': 'Y', 'report_nm': '사업보고서 (2019.12)', 'flr_nm': '유안타증권', 'rcept_dt': '20200330', 'rm': '연'}.")
033780,케이티앤지,("'NoneType' object has no attribute 'items'", "An error occurred while fetching or analyzing {'rcp_no': '20200320001044', 'corp_code': '00244455', 'corp_name': '케이티앤지', 'stock_code': '033780', 'corp_cls': 'Y', 'report_nm': '사업보고서제출기한연장신고서 (2019.12)', 'flr_nm': '케이티앤지', 'rcept_dt': '20200320', 'rm': ''}.")
007630,폴루스바이오팜,("'NoneType' object has no attribute 'items'", "An error occurred while fetching or analyzing {'rcp_no': '20200323000942', 'corp_code': '00167280', 'corp_name': '폴루스바이오팜', 'stock_code': '007630', 'corp_cls': 'Y', 'report_nm': '사업보고서제출기한연장신고서 (2019.12)', 'flr_nm': '폴루스바이오팜', 'rcept_dt': '20200323', 'rm': ''}.")
005430,한국공항,('cannot set a row with mismatched columns', "An error occurred while fetching or analyzing {'rcp_no': '20200330004590', 'corp_code': '00156691', 'corp_name': '한국공항', 'stock_code': '005430', 'corp_cls': 'Y', 'report_nm': '사업보고서 (2019.12)', 'flr_nm': '한국공항', 'rcept_dt': '20200330', 'rm': '연'}.")
180640,한진칼,('cannot set a row with mismatched columns', "An error occurred while fetching or analyzing {'rcp_no': '20200515002534', 'corp_code': '00983040', 'corp_name': '한진칼', 'stock_code': '180640', 'corp_cls': 'Y', 'report_nm': '[기재정정]사업보고서 (2019.12)', 'flr_nm': '한진칼', 'rcept_dt': '20200515', 'rm': '연'}.")
044180,KD,("'NoneType' object has no attribute 'items'", "An error occurred while fetching or analyzing {'rcp_no': '20200320000969', 'corp_code': '00111218', 'corp_name': 'KD', 'stock_code': '044180', 'corp_cls': 'K', 'report_nm': '사업보고서제출기한연장신고서 (2019.12)', 'flr_nm': 'KD', 'rcept_dt': '20200320', 'rm': ''}.")
043260,성호전자,('[] not in index', "An error occurred while fetching or analyzing {'rcp_no': '20200515001081', 'corp_code': '00317210', 'corp_name': '성호전자', 'stock_code': '043260', 'corp_cls': 'K', 'report_nm': '분기보고서 (2020.03)', 'flr_nm': '성호전자', 'rcept_dt': '20200515', 'rm': ''}.")
