000810,삼성화재해상보험
003720,삼영화학공업
000390,삼화페인트공업
001290,상상인증권
004430,송원산업
001720,신영증권
055550,신한지주
102280,쌍방울
033660,아주캐피탈
326030,에스케이바이오팜
036570,엔씨소프트
009970,영원무역홀딩스
316140,우리금융지주
010050,우리종금
077500,유니퀘스트
001200,유진증권
006490,인스코비
006220,제주은행
109070,컨버즈
030200,케이티
003690,코리안리
044820,코스맥스비티아이
039490,키움증권
086790,하나금융지주
071050,한국금융지주
123890,한국자산신탁
015760,한국전력공사
034830,한국토지신탁
060980,한라홀딩스
042700,한미반도체
009240,한샘
088350,한화생명
000370,한화손해보험
272210,한화시스템
003530,한화투자증권
005380,현대자동차
001500,현대차증권
001450,현대해상
008770,호텔신라
032560,황금에스티
298000,효성화학
241520,DSC인베스트먼트
900290,GRT
046440,KG모빌리언스
950110,SBI핀테크솔루션즈
289080,SV인베스트먼트
246690,TS인베스트먼트
038340,UCI
192410,감마누
044480,경남바이오파마
186230,그린플러스
308100,까스텔바작
293580,나우IB
137940,넥스트아이
104620,노랑풍선
317850,대모
035290,더블유에프엠
086450,동국제약
005290,동진쎄미켐
290550,디케이티
038390,레드캡투어
067280,멀티캠퍼스
021880,메이슨캐피탈
148150,세경하이테크
084180,수성
253840,수젠텍
131100,스카이이앤엠
290520,신도기연
096530,씨젠
092040,아미코젠
027360,아주IB투자
052790,액토즈소프트
217480,에스디생명공학
041510,에스엠
195990,에이비프로바이오
038870,에코바이오
297890,엘이티
019590,엠벤처투자
900300,오가닉티코스메틱
232140,와이아이케이
041190,우리기술투자
900340,윙입푸드
069330,유아이디
047560,이스트소프트
033050,제이엠아이
064800,젬백스링크
041590,젬백스지오
036930,주성엔지니어링
228760,지노믹트리
096240,청담러닝
293490,카카오게임즈
263700,케어랩스
282880,코윈테크
084730,팅크웨어
140860,파크시스템스
038160,팍스넷
141020,포티스
041460,한국전자인증
053300,한국정보인증
