365550,ESR켄달스퀘어리츠,('Could not find an annual report', 'Unexpected Error')
008870,금비,('Could not find an annual report', 'Unexpected Error')
353200,대덕전자,('Could not find an annual report', 'Unexpected Error')
088980,맥쿼리인프라,('Could not find an annual report', 'Unexpected Error')
094800,맵스리얼티1,('Could not find an annual report', 'Unexpected Error')
357250,미래에셋맵스리츠,('Could not find an annual report', 'Unexpected Error')
003610,방림,('Could not find an annual report', 'Unexpected Error')
096300,베트남개발1,('Could not find an annual report', 'Unexpected Error')
029780,삼성카드,('[] not in index', "An error occurred while fetching or analyzing {'rcp_no': '20200515002014', 'corp_code': '00126292', 'corp_name': '삼성카드', 'stock_code': '029780', 'corp_cls': 'Y', 'report_nm': '분기보고서 (2020.03)', 'flr_nm': '삼성카드', 'rcept_dt': '20200515', 'rm': ''}.")
004690,삼천리,('cannot set a row with mismatched columns', "An error occurred while fetching or analyzing {'rcp_no': '20200330002931', 'corp_code': '00128555', 'corp_name': '삼천리', 'stock_code': '004690', 'corp_cls': 'Y', 'report_nm': '사업보고서 (2019.12)', 'flr_nm': '삼천리', 'rcept_dt': '20200330', 'rm': '연'}.")
244920,에이플러스에셋,('[] not in index', "An error occurred while fetching or analyzing {'rcp_no': '20200601000747', 'corp_code': '00684802', 'corp_name': '에이플러스에셋', 'stock_code': '244920', 'corp_cls': 'Y', 'report_nm': '분기보고서 (2020.03)', 'flr_nm': '에이플러스에셋', 'rcept_dt': '20200601', 'rm': ''}.")
003470,유안타증권,('month must be in 1..12', "An error occurred while fetching or analyzing {'rcp_no': '20200330002821', 'corp_code': '00117601', 'corp_name': '유안타증권', 'stock_code': '003470', 'corp_cls': 'Y', 'report_nm': '사업보고서 (2019.12)', 'flr_nm': '유안타증권', 'rcept_dt': '20200330', 'rm': '연'}.")
350520,이지스레지던스리츠,('Could not find an annual report', 'Unexpected Error')
344820,케이씨씨글라스,('Could not find an annual report', 'Unexpected Error')
033780,케이티앤지,("'NoneType' object has no attribute 'items'", "An error occurred while fetching or analyzing {'rcp_no': '20200320001044', 'corp_code': '00244455', 'corp_name': '케이티앤지', 'stock_code': '033780', 'corp_cls': 'Y', 'report_nm': '사업보고서제출기한연장신고서 (2019.12)', 'flr_nm': '케이티앤지', 'rcept_dt': '20200320', 'rm': ''}.")
357120,코람코에너지리츠,('Could not find an annual report', 'Unexpected Error')
363280,티와이홀딩스,('Could not find an annual report', 'Unexpected Error')
007630,폴루스바이오팜,("'NoneType' object has no attribute 'items'", "An error occurred while fetching or analyzing {'rcp_no': '20200323000942', 'corp_code': '00167280', 'corp_name': '폴루스바이오팜', 'stock_code': '007630', 'corp_cls': 'Y', 'report_nm': '사업보고서제출기한연장신고서 (2019.12)', 'flr_nm': '폴루스바이오팜', 'rcept_dt': '20200323', 'rm': ''}.")
152550,한국ANKOR유전,('Could not find an annual report', 'Unexpected Error')
005430,한국공항,('cannot set a row with mismatched columns', "An error occurred while fetching or analyzing {'rcp_no': '20200330004590', 'corp_code': '00156691', 'corp_name': '한국공항', 'stock_code': '005430', 'corp_cls': 'Y', 'report_nm': '사업보고서 (2019.12)', 'flr_nm': '한국공항', 'rcept_dt': '20200330', 'rm': '연'}.")
168490,한국패러랠,('Could not find an annual report', 'Unexpected Error')
180640,한진칼,('cannot set a row with mismatched columns', "An error occurred while fetching or analyzing {'rcp_no': '20200515002534', 'corp_code': '00983040', 'corp_name': '한진칼', 'stock_code': '180640', 'corp_cls': 'Y', 'report_nm': '[기재정정]사업보고서 (2019.12)', 'flr_nm': '한진칼', 'rcept_dt': '20200515', 'rm': '연'}.")
367340,DB금융스팩8호,('Could not find an annual report', 'Unexpected Error')
351340,IBKS제13호스팩,('Could not find an annual report', 'Unexpected Error')
351320,IBKS제14호스팩,('Could not find an annual report', 'Unexpected Error')
044180,KD,("'NoneType' object has no attribute 'items'", "An error occurred while fetching or analyzing {'rcp_no': '20200320000969', 'corp_code': '00111218', 'corp_name': 'KD', 'stock_code': '044180', 'corp_cls': 'K', 'report_nm': '사업보고서제출기한연장신고서 (2019.12)', 'flr_nm': 'KD', 'rcept_dt': '20200320', 'rm': ''}.")
219550,MP한강,("'NoneType' object has no attribute 'items'", "An error occurred while fetching or analyzing {'rcp_no': '20200320001199', 'corp_code': '01089378', 'corp_name': 'MP한강', 'stock_code': '219550', 'corp_cls': 'K', 'report_nm': '사업보고서제출기한연장신고서 (2019.12)', 'flr_nm': 'MP한강', 'rcept_dt': '20200320', 'rm': ''}.")
340350,SK6호스팩,('Could not find an annual report', 'Unexpected Error')
114190,강원,("'NoneType' object has no attribute 'items'", "An error occurred while fetching or analyzing {'rcp_no': '20200320001186', 'corp_code': '00100601', 'corp_name': '강원', 'stock_code': '114190', 'corp_cls': 'K', 'report_nm': '사업보고서제출기한연장신고서 (2019.12)', 'flr_nm': '강원', 'rcept_dt': '20200320', 'rm': ''}.")
355150,교보10호기업인수목적,('Could not find an annual report', 'Unexpected Error')
330860,네패스아크,('Could not find an annual report', 'Unexpected Error')
